2016-06-06 10:01:17,129 INFO  c.m.Test - info
2016-06-06 10:01:17,147 ERROR c.m.Test - error
2016-06-06 10:01:17,148 DEBUG c.m.Test - debug
2016-06-06 10:14:38,586 INFO  c.m.Test - info
2016-06-06 10:14:38,587 ERROR c.m.Test - error
2016-06-06 10:14:38,587 DEBUG c.m.Test - debug
2016-06-06 10:15:50,869 INFO  c.m.Test - info
2016-06-06 10:15:50,870 ERROR c.m.Test - error
2016-06-06 10:15:50,870 DEBUG c.m.Test - debug
2016-06-06 10:22:40,327 INFO  c.m.HelloTest - User[id=1,name=123]
2016-06-06 10:27:49,411 INFO  c.m.HelloTest - User[id=1,name=123]
2016-06-06 10:29:57,582 INFO  c.m.HelloTest - User[id=1,name=123]
2016-06-06 10:29:57,583 INFO  c.m.HelloTest - User[id=1,name=123]
2016-06-06 10:33:53,056 INFO  c.m.HelloTest - User[id=1,name=123]
2016-06-06 10:33:53,058 INFO  c.m.HelloTest - User[id=0,name=com.mysql.jdbc.Driver]
2016-06-06 10:34:13,879 INFO  c.m.HelloTest - User[id=1,name=123]
2016-06-06 10:34:13,881 INFO  c.m.HelloTest - User[id=0,name=com.mysql.jdbc.Driver]
2016-06-06 14:24:01,061 INFO  c.m.Test - com.myweb.user.service.UserServiceImpl@433707e8
2016-06-06 14:24:24,237 INFO  c.m.Test - com.myweb.user.service.UserServiceImpl@61422dd9
2016-06-06 14:26:19,258 INFO  c.m.Test - com.myweb.user.service.UserServiceImpl@18c50827
2016-06-06 16:54:14,029 INFO  c.m.HelloTest - 123
2016-06-06 16:54:37,333 INFO  c.m.HelloTest - 123
2016-06-06 16:59:07,988 INFO  c.m.HelloTest - 123
2016-06-06 17:00:20,950 INFO  c.m.HelloTest - 123
2016-06-06 17:02:48,589 INFO  c.m.HelloTest - 123
